[2025-12-26T01:54:02.565+0000] {manager.py:470} INFO - Processing files using up to 2 processes at a time 
[2025-12-26T01:54:02.568+0000] {manager.py:471} INFO - Process each file at most once every 30 seconds
[2025-12-26T01:54:02.569+0000] {manager.py:472} INFO - Checking for new files in /opt/airflow/dags every 300 seconds
[2025-12-26T01:54:02.571+0000] {manager.py:737} INFO - Searching for files in /opt/airflow/dags
[2025-12-26T01:54:02.577+0000] {manager.py:740} INFO - There are 0 files in /opt/airflow/dags
[2025-12-26T01:58:07.637+0000] {manager.py:452} INFO - Exiting gracefully upon receiving signal 15
[2026-02-15T05:12:32.956+0000] {manager.py:470} INFO - Processing files using up to 2 processes at a time 
[2026-02-15T05:12:32.958+0000] {manager.py:471} INFO - Process each file at most once every 30 seconds
[2026-02-15T05:12:32.960+0000] {manager.py:472} INFO - Checking for new files in /opt/airflow/dags every 300 seconds
[2026-02-15T05:12:32.961+0000] {manager.py:737} INFO - Searching for files in /opt/airflow/dags
[2026-02-15T05:12:32.970+0000] {manager.py:740} INFO - There are 0 files in /opt/airflow/dags
[2026-02-15T05:17:33.615+0000] {manager.py:737} INFO - Searching for files in /opt/airflow/dags
[2026-02-15T05:17:33.652+0000] {manager.py:740} INFO - There are 0 files in /opt/airflow/dags
[2026-02-15T05:22:34.446+0000] {manager.py:737} INFO - Searching for files in /opt/airflow/dags
[2026-02-15T05:22:34.453+0000] {manager.py:740} INFO - There are 0 files in /opt/airflow/dags
[2026-02-15T05:27:35.145+0000] {manager.py:737} INFO - Searching for files in /opt/airflow/dags
[2026-02-15T05:27:35.153+0000] {manager.py:740} INFO - There are 0 files in /opt/airflow/dags
[2026-02-15T05:32:35.866+0000] {manager.py:737} INFO - Searching for files in /opt/airflow/dags
[2026-02-15T05:32:35.873+0000] {manager.py:740} INFO - There are 0 files in /opt/airflow/dags
[2026-02-15T05:37:36.282+0000] {manager.py:737} INFO - Searching for files in /opt/airflow/dags
[2026-02-15T05:37:36.289+0000] {manager.py:740} INFO - There are 0 files in /opt/airflow/dags
[2026-02-15T05:42:37.019+0000] {manager.py:737} INFO - Searching for files in /opt/airflow/dags
[2026-02-15T05:42:37.024+0000] {manager.py:740} INFO - There are 0 files in /opt/airflow/dags
[2026-02-15T05:47:37.684+0000] {manager.py:737} INFO - Searching for files in /opt/airflow/dags
[2026-02-15T05:47:37.690+0000] {manager.py:740} INFO - There are 0 files in /opt/airflow/dags
[2026-02-15T05:52:38.407+0000] {manager.py:737} INFO - Searching for files in /opt/airflow/dags
[2026-02-15T05:52:38.414+0000] {manager.py:740} INFO - There are 0 files in /opt/airflow/dags
[2026-02-15T05:57:39.083+0000] {manager.py:737} INFO - Searching for files in /opt/airflow/dags
[2026-02-15T05:57:39.089+0000] {manager.py:740} INFO - There are 0 files in /opt/airflow/dags
[2026-02-15T06:02:39.505+0000] {manager.py:737} INFO - Searching for files in /opt/airflow/dags
[2026-02-15T06:02:39.512+0000] {manager.py:740} INFO - There are 0 files in /opt/airflow/dags
[2026-02-15T06:07:40.237+0000] {manager.py:737} INFO - Searching for files in /opt/airflow/dags
[2026-02-15T06:07:40.243+0000] {manager.py:740} INFO - There are 0 files in /opt/airflow/dags
[2026-02-15T06:12:40.940+0000] {manager.py:737} INFO - Searching for files in /opt/airflow/dags
[2026-02-15T06:12:40.945+0000] {manager.py:740} INFO - There are 0 files in /opt/airflow/dags
[2026-02-15T06:17:41.665+0000] {manager.py:737} INFO - Searching for files in /opt/airflow/dags
[2026-02-15T06:17:41.670+0000] {manager.py:740} INFO - There are 0 files in /opt/airflow/dags
[2026-02-15T06:22:42.249+0000] {manager.py:737} INFO - Searching for files in /opt/airflow/dags
[2026-02-15T06:22:42.255+0000] {manager.py:740} INFO - There are 0 files in /opt/airflow/dags
[2026-02-15T06:27:44.801+0000] {manager.py:737} INFO - Searching for files in /opt/airflow/dags
[2026-02-15T06:27:44.806+0000] {manager.py:740} INFO - There are 0 files in /opt/airflow/dags
[2026-02-15T06:32:45.468+0000] {manager.py:737} INFO - Searching for files in /opt/airflow/dags
[2026-02-15T06:32:45.476+0000] {manager.py:740} INFO - There are 0 files in /opt/airflow/dags
[2026-02-15T06:37:46.179+0000] {manager.py:737} INFO - Searching for files in /opt/airflow/dags
[2026-02-15T06:37:46.186+0000] {manager.py:740} INFO - There are 0 files in /opt/airflow/dags
[2026-02-15T06:42:46.844+0000] {manager.py:737} INFO - Searching for files in /opt/airflow/dags
[2026-02-15T06:42:46.848+0000] {manager.py:740} INFO - There are 0 files in /opt/airflow/dags
[2026-02-15T06:47:47.547+0000] {manager.py:737} INFO - Searching for files in /opt/airflow/dags
[2026-02-15T06:47:47.553+0000] {manager.py:740} INFO - There are 0 files in /opt/airflow/dags
[2026-02-15T06:52:49.957+0000] {manager.py:737} INFO - Searching for files in /opt/airflow/dags
[2026-02-15T06:52:49.964+0000] {manager.py:740} INFO - There are 0 files in /opt/airflow/dags
[2026-02-15T06:57:50.628+0000] {manager.py:737} INFO - Searching for files in /opt/airflow/dags
[2026-02-15T06:57:50.635+0000] {manager.py:740} INFO - There are 0 files in /opt/airflow/dags
[2026-02-15T07:02:51.312+0000] {manager.py:737} INFO - Searching for files in /opt/airflow/dags
[2026-02-15T07:02:51.318+0000] {manager.py:740} INFO - There are 0 files in /opt/airflow/dags
[2026-02-15T07:07:51.994+0000] {manager.py:737} INFO - Searching for files in /opt/airflow/dags
[2026-02-15T07:07:52.000+0000] {manager.py:740} INFO - There are 0 files in /opt/airflow/dags
[2026-02-15T07:12:52.710+0000] {manager.py:737} INFO - Searching for files in /opt/airflow/dags
[2026-02-15T07:12:52.717+0000] {manager.py:740} INFO - There are 0 files in /opt/airflow/dags
[2026-02-15T07:17:56.137+0000] {manager.py:737} INFO - Searching for files in /opt/airflow/dags
[2026-02-15T07:17:56.143+0000] {manager.py:740} INFO - There are 0 files in /opt/airflow/dags
[2026-02-15T07:22:56.874+0000] {manager.py:737} INFO - Searching for files in /opt/airflow/dags
[2026-02-15T07:22:56.880+0000] {manager.py:740} INFO - There are 0 files in /opt/airflow/dags
[2026-02-15T07:27:57.544+0000] {manager.py:737} INFO - Searching for files in /opt/airflow/dags
[2026-02-15T07:27:57.551+0000] {manager.py:740} INFO - There are 0 files in /opt/airflow/dags
[2026-02-15T07:32:58.215+0000] {manager.py:737} INFO - Searching for files in /opt/airflow/dags
[2026-02-15T07:32:58.221+0000] {manager.py:740} INFO - There are 0 files in /opt/airflow/dags
[2026-02-15T07:37:58.957+0000] {manager.py:737} INFO - Searching for files in /opt/airflow/dags
[2026-02-15T07:37:58.963+0000] {manager.py:740} INFO - There are 0 files in /opt/airflow/dags
[2026-02-15T07:43:01.370+0000] {manager.py:737} INFO - Searching for files in /opt/airflow/dags
[2026-02-15T07:43:01.376+0000] {manager.py:740} INFO - There are 0 files in /opt/airflow/dags
[2026-02-15T07:48:02.100+0000] {manager.py:737} INFO - Searching for files in /opt/airflow/dags
[2026-02-15T07:48:02.107+0000] {manager.py:740} INFO - There are 0 files in /opt/airflow/dags
[2026-02-15T07:53:02.799+0000] {manager.py:737} INFO - Searching for files in /opt/airflow/dags
[2026-02-15T07:53:02.806+0000] {manager.py:740} INFO - There are 0 files in /opt/airflow/dags
[2026-02-15T07:58:03.468+0000] {manager.py:737} INFO - Searching for files in /opt/airflow/dags
[2026-02-15T07:58:03.478+0000] {manager.py:740} INFO - There are 0 files in /opt/airflow/dags
[2026-02-15T08:03:04.160+0000] {manager.py:737} INFO - Searching for files in /opt/airflow/dags
[2026-02-15T08:03:04.166+0000] {manager.py:740} INFO - There are 0 files in /opt/airflow/dags
[2026-02-15T08:08:07.663+0000] {manager.py:737} INFO - Searching for files in /opt/airflow/dags
[2026-02-15T08:08:07.669+0000] {manager.py:740} INFO - There are 0 files in /opt/airflow/dags
[2026-02-15T08:13:08.355+0000] {manager.py:737} INFO - Searching for files in /opt/airflow/dags
[2026-02-15T08:13:08.361+0000] {manager.py:740} INFO - There are 0 files in /opt/airflow/dags
[2026-02-15T08:18:09.048+0000] {manager.py:737} INFO - Searching for files in /opt/airflow/dags
[2026-02-15T08:18:09.053+0000] {manager.py:740} INFO - There are 0 files in /opt/airflow/dags
[2026-02-15T08:23:09.745+0000] {manager.py:737} INFO - Searching for files in /opt/airflow/dags
[2026-02-15T08:23:09.752+0000] {manager.py:740} INFO - There are 0 files in /opt/airflow/dags
[2026-02-15T08:28:10.446+0000] {manager.py:737} INFO - Searching for files in /opt/airflow/dags
[2026-02-15T08:28:10.454+0000] {manager.py:740} INFO - There are 0 files in /opt/airflow/dags
[2026-02-15T08:33:12.819+0000] {manager.py:737} INFO - Searching for files in /opt/airflow/dags
[2026-02-15T08:33:12.826+0000] {manager.py:740} INFO - There are 0 files in /opt/airflow/dags
[2026-02-15T08:38:13.471+0000] {manager.py:737} INFO - Searching for files in /opt/airflow/dags
[2026-02-15T08:38:13.477+0000] {manager.py:740} INFO - There are 0 files in /opt/airflow/dags
[2026-02-15T08:43:14.192+0000] {manager.py:737} INFO - Searching for files in /opt/airflow/dags
[2026-02-15T08:43:14.198+0000] {manager.py:740} INFO - There are 0 files in /opt/airflow/dags
[2026-02-15T08:48:14.856+0000] {manager.py:737} INFO - Searching for files in /opt/airflow/dags
[2026-02-15T08:48:14.861+0000] {manager.py:740} INFO - There are 0 files in /opt/airflow/dags
[2026-02-15T08:53:15.565+0000] {manager.py:737} INFO - Searching for files in /opt/airflow/dags
[2026-02-15T08:53:15.576+0000] {manager.py:740} INFO - There are 0 files in /opt/airflow/dags
[2026-02-15T08:58:17.986+0000] {manager.py:737} INFO - Searching for files in /opt/airflow/dags
[2026-02-15T08:58:17.992+0000] {manager.py:740} INFO - There are 0 files in /opt/airflow/dags
[2026-02-15T09:03:18.655+0000] {manager.py:737} INFO - Searching for files in /opt/airflow/dags
[2026-02-15T09:03:18.661+0000] {manager.py:740} INFO - There are 0 files in /opt/airflow/dags
[2026-02-15T09:08:19.394+0000] {manager.py:737} INFO - Searching for files in /opt/airflow/dags
[2026-02-15T09:08:19.403+0000] {manager.py:740} INFO - There are 0 files in /opt/airflow/dags
[2026-02-15T09:13:20.081+0000] {manager.py:737} INFO - Searching for files in /opt/airflow/dags
[2026-02-15T09:13:20.089+0000] {manager.py:740} INFO - There are 0 files in /opt/airflow/dags
[2026-02-15T09:18:20.779+0000] {manager.py:737} INFO - Searching for files in /opt/airflow/dags
[2026-02-15T09:18:20.785+0000] {manager.py:740} INFO - There are 0 files in /opt/airflow/dags
[2026-02-15T09:23:24.232+0000] {manager.py:737} INFO - Searching for files in /opt/airflow/dags
[2026-02-15T09:23:24.240+0000] {manager.py:740} INFO - There are 0 files in /opt/airflow/dags
[2026-02-15T09:28:24.922+0000] {manager.py:737} INFO - Searching for files in /opt/airflow/dags
[2026-02-15T09:28:24.929+0000] {manager.py:740} INFO - There are 0 files in /opt/airflow/dags
[2026-02-15T09:33:25.608+0000] {manager.py:737} INFO - Searching for files in /opt/airflow/dags
[2026-02-15T09:33:25.613+0000] {manager.py:740} INFO - There are 0 files in /opt/airflow/dags
[2026-02-15T09:38:26.304+0000] {manager.py:737} INFO - Searching for files in /opt/airflow/dags
[2026-02-15T09:38:26.310+0000] {manager.py:740} INFO - There are 0 files in /opt/airflow/dags
[2026-02-15T09:43:26.996+0000] {manager.py:737} INFO - Searching for files in /opt/airflow/dags
[2026-02-15T09:43:27.002+0000] {manager.py:740} INFO - There are 0 files in /opt/airflow/dags
[2026-02-15T09:48:29.427+0000] {manager.py:737} INFO - Searching for files in /opt/airflow/dags
[2026-02-15T09:48:29.433+0000] {manager.py:740} INFO - There are 0 files in /opt/airflow/dags
[2026-02-15T09:53:30.098+0000] {manager.py:737} INFO - Searching for files in /opt/airflow/dags
[2026-02-15T09:53:30.104+0000] {manager.py:740} INFO - There are 0 files in /opt/airflow/dags
[2026-02-15T09:58:30.818+0000] {manager.py:737} INFO - Searching for files in /opt/airflow/dags
[2026-02-15T09:58:30.823+0000] {manager.py:740} INFO - There are 0 files in /opt/airflow/dags
[2026-02-15T10:03:31.510+0000] {manager.py:737} INFO - Searching for files in /opt/airflow/dags
[2026-02-15T10:03:31.516+0000] {manager.py:740} INFO - There are 0 files in /opt/airflow/dags
[2026-02-15T10:08:32.280+0000] {manager.py:737} INFO - Searching for files in /opt/airflow/dags
[2026-02-15T10:08:32.286+0000] {manager.py:740} INFO - There are 0 files in /opt/airflow/dags
[2026-02-15T10:13:34.684+0000] {manager.py:737} INFO - Searching for files in /opt/airflow/dags
[2026-02-15T10:13:34.690+0000] {manager.py:740} INFO - There are 0 files in /opt/airflow/dags
[2026-02-15T10:18:35.396+0000] {manager.py:737} INFO - Searching for files in /opt/airflow/dags
[2026-02-15T10:18:35.402+0000] {manager.py:740} INFO - There are 0 files in /opt/airflow/dags
[2026-02-15T10:23:36.099+0000] {manager.py:737} INFO - Searching for files in /opt/airflow/dags
[2026-02-15T10:23:36.105+0000] {manager.py:740} INFO - There are 0 files in /opt/airflow/dags
[2026-02-15T10:28:36.775+0000] {manager.py:737} INFO - Searching for files in /opt/airflow/dags
[2026-02-15T10:28:36.780+0000] {manager.py:740} INFO - There are 0 files in /opt/airflow/dags
[2026-02-15T10:33:37.513+0000] {manager.py:737} INFO - Searching for files in /opt/airflow/dags
[2026-02-15T10:33:37.519+0000] {manager.py:740} INFO - There are 0 files in /opt/airflow/dags
[2026-02-15T10:38:40.962+0000] {manager.py:737} INFO - Searching for files in /opt/airflow/dags
[2026-02-15T10:38:40.969+0000] {manager.py:740} INFO - There are 0 files in /opt/airflow/dags
[2026-02-15T10:43:41.660+0000] {manager.py:737} INFO - Searching for files in /opt/airflow/dags
[2026-02-15T10:43:41.666+0000] {manager.py:740} INFO - There are 0 files in /opt/airflow/dags
[2026-02-15T10:48:42.327+0000] {manager.py:737} INFO - Searching for files in /opt/airflow/dags
[2026-02-15T10:48:42.333+0000] {manager.py:740} INFO - There are 0 files in /opt/airflow/dags
[2026-02-15T10:53:43.038+0000] {manager.py:737} INFO - Searching for files in /opt/airflow/dags
[2026-02-15T10:53:43.043+0000] {manager.py:740} INFO - There are 0 files in /opt/airflow/dags
[2026-02-15T10:58:43.276+0000] {manager.py:737} INFO - Searching for files in /opt/airflow/dags
[2026-02-15T10:58:43.283+0000] {manager.py:740} INFO - There are 0 files in /opt/airflow/dags
[2026-02-15T11:03:43.700+0000] {manager.py:737} INFO - Searching for files in /opt/airflow/dags
[2026-02-15T11:03:43.706+0000] {manager.py:740} INFO - There are 0 files in /opt/airflow/dags
[2026-02-15T11:08:44.431+0000] {manager.py:737} INFO - Searching for files in /opt/airflow/dags
[2026-02-15T11:08:44.437+0000] {manager.py:740} INFO - There are 0 files in /opt/airflow/dags
[2026-02-15T11:13:47.479+0000] {manager.py:737} INFO - Searching for files in /opt/airflow/dags
[2026-02-15T11:13:47.489+0000] {manager.py:740} INFO - There are 0 files in /opt/airflow/dags
[2026-02-15T11:18:47.770+0000] {manager.py:737} INFO - Searching for files in /opt/airflow/dags
[2026-02-15T11:18:47.776+0000] {manager.py:740} INFO - There are 0 files in /opt/airflow/dags
[2026-02-15T11:23:48.505+0000] {manager.py:737} INFO - Searching for files in /opt/airflow/dags
[2026-02-15T11:23:48.511+0000] {manager.py:740} INFO - There are 0 files in /opt/airflow/dags
[2026-02-15T11:28:49.178+0000] {manager.py:737} INFO - Searching for files in /opt/airflow/dags
[2026-02-15T11:28:49.184+0000] {manager.py:740} INFO - There are 0 files in /opt/airflow/dags
[2026-02-15T11:33:49.931+0000] {manager.py:737} INFO - Searching for files in /opt/airflow/dags
[2026-02-15T11:33:49.940+0000] {manager.py:740} INFO - There are 0 files in /opt/airflow/dags
[2026-02-15T11:38:50.676+0000] {manager.py:737} INFO - Searching for files in /opt/airflow/dags
[2026-02-15T11:38:50.681+0000] {manager.py:740} INFO - There are 0 files in /opt/airflow/dags
[2026-02-15T11:43:53.126+0000] {manager.py:737} INFO - Searching for files in /opt/airflow/dags
[2026-02-15T11:43:53.132+0000] {manager.py:740} INFO - There are 0 files in /opt/airflow/dags
[2026-02-15T11:48:53.809+0000] {manager.py:737} INFO - Searching for files in /opt/airflow/dags
[2026-02-15T11:48:53.819+0000] {manager.py:740} INFO - There are 0 files in /opt/airflow/dags
[2026-02-15T11:53:54.270+0000] {manager.py:737} INFO - Searching for files in /opt/airflow/dags
[2026-02-15T11:53:54.276+0000] {manager.py:740} INFO - There are 0 files in /opt/airflow/dags
[2026-02-15T11:58:54.505+0000] {manager.py:737} INFO - Searching for files in /opt/airflow/dags
[2026-02-15T11:58:54.514+0000] {manager.py:740} INFO - There are 0 files in /opt/airflow/dags
[2026-02-15T12:03:54.690+0000] {manager.py:737} INFO - Searching for files in /opt/airflow/dags
[2026-02-15T12:03:54.698+0000] {manager.py:740} INFO - There are 0 files in /opt/airflow/dags
[2026-02-15T12:08:54.917+0000] {manager.py:737} INFO - Searching for files in /opt/airflow/dags
[2026-02-15T12:08:54.923+0000] {manager.py:740} INFO - There are 0 files in /opt/airflow/dags
[2026-02-15T12:13:55.812+0000] {manager.py:737} INFO - Searching for files in /opt/airflow/dags
[2026-02-15T12:13:55.819+0000] {manager.py:740} INFO - There are 0 files in /opt/airflow/dags
[2026-02-15T12:18:56.038+0000] {manager.py:737} INFO - Searching for files in /opt/airflow/dags
[2026-02-15T12:18:56.044+0000] {manager.py:740} INFO - There are 0 files in /opt/airflow/dags
[2026-02-15T12:23:56.258+0000] {manager.py:737} INFO - Searching for files in /opt/airflow/dags
[2026-02-15T12:23:56.264+0000] {manager.py:740} INFO - There are 0 files in /opt/airflow/dags
[2026-02-15T12:28:56.502+0000] {manager.py:737} INFO - Searching for files in /opt/airflow/dags
[2026-02-15T12:28:56.509+0000] {manager.py:740} INFO - There are 0 files in /opt/airflow/dags
[2026-02-15T12:33:56.648+0000] {manager.py:737} INFO - Searching for files in /opt/airflow/dags
[2026-02-15T12:33:56.656+0000] {manager.py:740} INFO - There are 0 files in /opt/airflow/dags
[2026-02-15T12:38:56.775+0000] {manager.py:737} INFO - Searching for files in /opt/airflow/dags
[2026-02-15T12:38:56.780+0000] {manager.py:740} INFO - There are 0 files in /opt/airflow/dags
[2026-02-15T12:43:57.001+0000] {manager.py:737} INFO - Searching for files in /opt/airflow/dags
[2026-02-15T12:43:57.007+0000] {manager.py:740} INFO - There are 0 files in /opt/airflow/dags
[2026-02-15T12:48:57.227+0000] {manager.py:737} INFO - Searching for files in /opt/airflow/dags
[2026-02-15T12:48:57.234+0000] {manager.py:740} INFO - There are 0 files in /opt/airflow/dags
[2026-02-15T12:53:57.313+0000] {manager.py:737} INFO - Searching for files in /opt/airflow/dags
[2026-02-15T12:53:57.321+0000] {manager.py:740} INFO - There are 0 files in /opt/airflow/dags
[2026-02-15T12:58:57.491+0000] {manager.py:737} INFO - Searching for files in /opt/airflow/dags
[2026-02-15T12:58:57.497+0000] {manager.py:740} INFO - There are 0 files in /opt/airflow/dags
[2026-02-15T13:03:58.481+0000] {manager.py:737} INFO - Searching for files in /opt/airflow/dags
[2026-02-15T13:03:58.490+0000] {manager.py:740} INFO - There are 0 files in /opt/airflow/dags
[2026-02-15T13:08:59.447+0000] {manager.py:737} INFO - Searching for files in /opt/airflow/dags
[2026-02-15T13:08:59.455+0000] {manager.py:740} INFO - There are 0 files in /opt/airflow/dags
[2026-02-15T13:13:59.460+0000] {manager.py:737} INFO - Searching for files in /opt/airflow/dags
[2026-02-15T13:13:59.466+0000] {manager.py:740} INFO - There are 0 files in /opt/airflow/dags
[2026-02-15T13:18:59.526+0000] {manager.py:737} INFO - Searching for files in /opt/airflow/dags
[2026-02-15T13:18:59.534+0000] {manager.py:740} INFO - There are 0 files in /opt/airflow/dags
[2026-02-15T13:23:59.640+0000] {manager.py:737} INFO - Searching for files in /opt/airflow/dags
[2026-02-15T13:23:59.646+0000] {manager.py:740} INFO - There are 0 files in /opt/airflow/dags
[2026-02-15T13:29:00.599+0000] {manager.py:737} INFO - Searching for files in /opt/airflow/dags
[2026-02-15T13:29:00.608+0000] {manager.py:740} INFO - There are 0 files in /opt/airflow/dags
[2026-02-15T13:34:01.474+0000] {manager.py:737} INFO - Searching for files in /opt/airflow/dags
[2026-02-15T13:34:01.480+0000] {manager.py:740} INFO - There are 0 files in /opt/airflow/dags
[2026-02-15T13:39:02.401+0000] {manager.py:737} INFO - Searching for files in /opt/airflow/dags
[2026-02-15T13:39:02.426+0000] {manager.py:740} INFO - There are 0 files in /opt/airflow/dags
[2026-02-15T13:44:03.365+0000] {manager.py:737} INFO - Searching for files in /opt/airflow/dags
[2026-02-15T13:44:03.373+0000] {manager.py:740} INFO - There are 0 files in /opt/airflow/dags
[2026-02-15T13:49:03.398+0000] {manager.py:737} INFO - Searching for files in /opt/airflow/dags
[2026-02-15T13:49:03.405+0000] {manager.py:740} INFO - There are 0 files in /opt/airflow/dags
[2026-02-15T13:54:03.407+0000] {manager.py:737} INFO - Searching for files in /opt/airflow/dags
[2026-02-15T13:54:03.413+0000] {manager.py:740} INFO - There are 0 files in /opt/airflow/dags
[2026-02-15T13:59:03.455+0000] {manager.py:737} INFO - Searching for files in /opt/airflow/dags
[2026-02-15T13:59:03.462+0000] {manager.py:740} INFO - There are 0 files in /opt/airflow/dags
[2026-02-15T14:04:03.489+0000] {manager.py:737} INFO - Searching for files in /opt/airflow/dags
[2026-02-15T14:04:03.495+0000] {manager.py:740} INFO - There are 0 files in /opt/airflow/dags
[2026-02-15T14:09:04.414+0000] {manager.py:737} INFO - Searching for files in /opt/airflow/dags
[2026-02-15T14:09:04.419+0000] {manager.py:740} INFO - There are 0 files in /opt/airflow/dags
[2026-02-15T14:14:04.419+0000] {manager.py:737} INFO - Searching for files in /opt/airflow/dags
[2026-02-15T14:14:04.425+0000] {manager.py:740} INFO - There are 0 files in /opt/airflow/dags
[2026-02-15T14:19:05.308+0000] {manager.py:737} INFO - Searching for files in /opt/airflow/dags
[2026-02-15T14:19:05.315+0000] {manager.py:740} INFO - There are 0 files in /opt/airflow/dags
[2026-02-15T14:24:06.237+0000] {manager.py:737} INFO - Searching for files in /opt/airflow/dags
[2026-02-15T14:24:06.245+0000] {manager.py:740} INFO - There are 0 files in /opt/airflow/dags
[2026-02-15T14:29:07.012+0000] {manager.py:737} INFO - Searching for files in /opt/airflow/dags
[2026-02-15T14:29:07.019+0000] {manager.py:740} INFO - There are 0 files in /opt/airflow/dags
[2026-02-15T14:34:07.968+0000] {manager.py:737} INFO - Searching for files in /opt/airflow/dags
[2026-02-15T14:34:07.974+0000] {manager.py:740} INFO - There are 0 files in /opt/airflow/dags
[2026-02-15T14:39:08.836+0000] {manager.py:737} INFO - Searching for files in /opt/airflow/dags
[2026-02-15T14:39:08.842+0000] {manager.py:740} INFO - There are 0 files in /opt/airflow/dags
[2026-02-15T14:44:09.807+0000] {manager.py:737} INFO - Searching for files in /opt/airflow/dags
[2026-02-15T14:44:09.814+0000] {manager.py:740} INFO - There are 0 files in /opt/airflow/dags
[2026-02-15T14:49:10.658+0000] {manager.py:737} INFO - Searching for files in /opt/airflow/dags
[2026-02-15T14:49:10.665+0000] {manager.py:740} INFO - There are 0 files in /opt/airflow/dags
[2026-02-15T14:54:11.547+0000] {manager.py:737} INFO - Searching for files in /opt/airflow/dags
[2026-02-15T14:54:11.553+0000] {manager.py:740} INFO - There are 0 files in /opt/airflow/dags
[2026-02-15T14:59:12.229+0000] {manager.py:737} INFO - Searching for files in /opt/airflow/dags
[2026-02-15T14:59:12.235+0000] {manager.py:740} INFO - There are 0 files in /opt/airflow/dags
[2026-02-15T15:04:13.036+0000] {manager.py:737} INFO - Searching for files in /opt/airflow/dags
[2026-02-15T15:04:13.043+0000] {manager.py:740} INFO - There are 0 files in /opt/airflow/dags
[2026-02-15T15:09:13.680+0000] {manager.py:737} INFO - Searching for files in /opt/airflow/dags
[2026-02-15T15:09:13.687+0000] {manager.py:740} INFO - There are 0 files in /opt/airflow/dags
[2026-02-15T15:14:14.428+0000] {manager.py:737} INFO - Searching for files in /opt/airflow/dags
[2026-02-15T15:14:14.435+0000] {manager.py:740} INFO - There are 0 files in /opt/airflow/dags
[2026-02-15T15:19:15.015+0000] {manager.py:737} INFO - Searching for files in /opt/airflow/dags
[2026-02-15T15:19:15.023+0000] {manager.py:740} INFO - There are 0 files in /opt/airflow/dags
[2026-02-15T15:24:15.793+0000] {manager.py:737} INFO - Searching for files in /opt/airflow/dags
[2026-02-15T15:24:15.799+0000] {manager.py:740} INFO - There are 0 files in /opt/airflow/dags
[2026-02-15T15:29:16.480+0000] {manager.py:737} INFO - Searching for files in /opt/airflow/dags
[2026-02-15T15:29:16.486+0000] {manager.py:740} INFO - There are 0 files in /opt/airflow/dags
[2026-02-15T15:34:17.300+0000] {manager.py:737} INFO - Searching for files in /opt/airflow/dags
[2026-02-15T15:34:17.309+0000] {manager.py:740} INFO - There are 0 files in /opt/airflow/dags
[2026-02-15T15:39:18.099+0000] {manager.py:737} INFO - Searching for files in /opt/airflow/dags
[2026-02-15T15:39:18.106+0000] {manager.py:740} INFO - There are 0 files in /opt/airflow/dags
[2026-02-15T15:44:18.861+0000] {manager.py:737} INFO - Searching for files in /opt/airflow/dags
[2026-02-15T15:44:18.870+0000] {manager.py:740} INFO - There are 0 files in /opt/airflow/dags
[2026-02-15T15:49:19.510+0000] {manager.py:737} INFO - Searching for files in /opt/airflow/dags
[2026-02-15T15:49:19.516+0000] {manager.py:740} INFO - There are 0 files in /opt/airflow/dags
[2026-02-15T15:54:20.265+0000] {manager.py:737} INFO - Searching for files in /opt/airflow/dags
[2026-02-15T15:54:20.271+0000] {manager.py:740} INFO - There are 0 files in /opt/airflow/dags
[2026-02-15T15:59:20.780+0000] {manager.py:737} INFO - Searching for files in /opt/airflow/dags
[2026-02-15T15:59:20.786+0000] {manager.py:740} INFO - There are 0 files in /opt/airflow/dags
[2026-02-15T16:04:21.567+0000] {manager.py:737} INFO - Searching for files in /opt/airflow/dags
[2026-02-15T16:04:21.574+0000] {manager.py:740} INFO - There are 0 files in /opt/airflow/dags
[2026-02-15T16:09:22.248+0000] {manager.py:737} INFO - Searching for files in /opt/airflow/dags
[2026-02-15T16:09:22.256+0000] {manager.py:740} INFO - There are 0 files in /opt/airflow/dags
[2026-02-15T16:14:22.295+0000] {manager.py:737} INFO - Searching for files in /opt/airflow/dags
[2026-02-15T16:14:22.301+0000] {manager.py:740} INFO - There are 0 files in /opt/airflow/dags
[2026-02-15T16:19:22.495+0000] {manager.py:737} INFO - Searching for files in /opt/airflow/dags
[2026-02-15T16:19:22.501+0000] {manager.py:740} INFO - There are 0 files in /opt/airflow/dags
[2026-02-15T16:24:23.024+0000] {manager.py:737} INFO - Searching for files in /opt/airflow/dags
[2026-02-15T16:24:23.030+0000] {manager.py:740} INFO - There are 0 files in /opt/airflow/dags
[2026-02-15T16:29:23.558+0000] {manager.py:737} INFO - Searching for files in /opt/airflow/dags
[2026-02-15T16:29:23.565+0000] {manager.py:740} INFO - There are 0 files in /opt/airflow/dags
[2026-02-15T16:34:24.071+0000] {manager.py:737} INFO - Searching for files in /opt/airflow/dags
[2026-02-15T16:34:24.078+0000] {manager.py:740} INFO - There are 0 files in /opt/airflow/dags
[2026-02-15T16:39:24.609+0000] {manager.py:737} INFO - Searching for files in /opt/airflow/dags
[2026-02-15T16:39:24.615+0000] {manager.py:740} INFO - There are 0 files in /opt/airflow/dags
[2026-02-15T16:44:25.104+0000] {manager.py:737} INFO - Searching for files in /opt/airflow/dags
[2026-02-15T16:44:25.110+0000] {manager.py:740} INFO - There are 0 files in /opt/airflow/dags
[2026-02-15T16:49:25.716+0000] {manager.py:737} INFO - Searching for files in /opt/airflow/dags
[2026-02-15T16:49:25.725+0000] {manager.py:740} INFO - There are 0 files in /opt/airflow/dags
[2026-02-15T16:54:26.213+0000] {manager.py:737} INFO - Searching for files in /opt/airflow/dags
[2026-02-15T16:54:26.220+0000] {manager.py:740} INFO - There are 0 files in /opt/airflow/dags
[2026-02-15T16:59:26.321+0000] {manager.py:737} INFO - Searching for files in /opt/airflow/dags
[2026-02-15T16:59:26.327+0000] {manager.py:740} INFO - There are 0 files in /opt/airflow/dags
[2026-02-15T17:04:26.888+0000] {manager.py:737} INFO - Searching for files in /opt/airflow/dags
[2026-02-15T17:04:26.894+0000] {manager.py:740} INFO - There are 0 files in /opt/airflow/dags
[2026-02-15T17:09:27.302+0000] {manager.py:737} INFO - Searching for files in /opt/airflow/dags
[2026-02-15T17:09:27.309+0000] {manager.py:740} INFO - There are 0 files in /opt/airflow/dags
[2026-02-15T17:14:27.705+0000] {manager.py:737} INFO - Searching for files in /opt/airflow/dags
[2026-02-15T17:14:27.710+0000] {manager.py:740} INFO - There are 0 files in /opt/airflow/dags
[2026-02-15T17:19:28.201+0000] {manager.py:737} INFO - Searching for files in /opt/airflow/dags
[2026-02-15T17:19:28.208+0000] {manager.py:740} INFO - There are 0 files in /opt/airflow/dags
[2026-02-15T17:24:28.671+0000] {manager.py:737} INFO - Searching for files in /opt/airflow/dags
[2026-02-15T17:24:28.677+0000] {manager.py:740} INFO - There are 0 files in /opt/airflow/dags
[2026-02-15T17:29:28.821+0000] {manager.py:737} INFO - Searching for files in /opt/airflow/dags
[2026-02-15T17:29:28.828+0000] {manager.py:740} INFO - There are 0 files in /opt/airflow/dags
[2026-02-15T17:34:29.247+0000] {manager.py:737} INFO - Searching for files in /opt/airflow/dags
[2026-02-15T17:34:29.254+0000] {manager.py:740} INFO - There are 0 files in /opt/airflow/dags
[2026-02-15T17:39:29.773+0000] {manager.py:737} INFO - Searching for files in /opt/airflow/dags
[2026-02-15T17:39:29.779+0000] {manager.py:740} INFO - There are 0 files in /opt/airflow/dags
[2026-02-15T17:44:30.202+0000] {manager.py:737} INFO - Searching for files in /opt/airflow/dags
[2026-02-15T17:44:30.208+0000] {manager.py:740} INFO - There are 0 files in /opt/airflow/dags
[2026-02-15T17:49:30.587+0000] {manager.py:737} INFO - Searching for files in /opt/airflow/dags
[2026-02-15T17:49:30.596+0000] {manager.py:740} INFO - There are 0 files in /opt/airflow/dags
[2026-02-15T17:54:30.841+0000] {manager.py:737} INFO - Searching for files in /opt/airflow/dags
[2026-02-15T17:54:30.847+0000] {manager.py:740} INFO - There are 0 files in /opt/airflow/dags
[2026-02-15T17:59:31.089+0000] {manager.py:737} INFO - Searching for files in /opt/airflow/dags
[2026-02-15T17:59:31.099+0000] {manager.py:740} INFO - There are 0 files in /opt/airflow/dags
[2026-02-15T18:04:31.508+0000] {manager.py:737} INFO - Searching for files in /opt/airflow/dags
[2026-02-15T18:04:31.514+0000] {manager.py:740} INFO - There are 0 files in /opt/airflow/dags
[2026-02-15T18:09:31.854+0000] {manager.py:737} INFO - Searching for files in /opt/airflow/dags
[2026-02-15T18:09:31.859+0000] {manager.py:740} INFO - There are 0 files in /opt/airflow/dags
[2026-02-15T18:14:32.168+0000] {manager.py:737} INFO - Searching for files in /opt/airflow/dags
[2026-02-15T18:14:32.175+0000] {manager.py:740} INFO - There are 0 files in /opt/airflow/dags
[2026-02-15T18:19:32.402+0000] {manager.py:737} INFO - Searching for files in /opt/airflow/dags
[2026-02-15T18:19:32.408+0000] {manager.py:740} INFO - There are 0 files in /opt/airflow/dags
[2026-02-15T18:24:32.674+0000] {manager.py:737} INFO - Searching for files in /opt/airflow/dags
[2026-02-15T18:24:32.681+0000] {manager.py:740} INFO - There are 0 files in /opt/airflow/dags
[2026-02-15T18:29:32.676+0000] {manager.py:737} INFO - Searching for files in /opt/airflow/dags
[2026-02-15T18:29:32.683+0000] {manager.py:740} INFO - There are 0 files in /opt/airflow/dags
[2026-02-15T18:34:32.953+0000] {manager.py:737} INFO - Searching for files in /opt/airflow/dags
[2026-02-15T18:34:32.959+0000] {manager.py:740} INFO - There are 0 files in /opt/airflow/dags
[2026-02-15T18:39:33.077+0000] {manager.py:737} INFO - Searching for files in /opt/airflow/dags
[2026-02-15T18:39:33.082+0000] {manager.py:740} INFO - There are 0 files in /opt/airflow/dags
[2026-02-15T18:44:33.526+0000] {manager.py:737} INFO - Searching for files in /opt/airflow/dags
[2026-02-15T18:44:33.532+0000] {manager.py:740} INFO - There are 0 files in /opt/airflow/dags
[2026-02-15T18:49:33.667+0000] {manager.py:737} INFO - Searching for files in /opt/airflow/dags
[2026-02-15T18:49:33.674+0000] {manager.py:740} INFO - There are 0 files in /opt/airflow/dags
[2026-02-15T18:54:34.025+0000] {manager.py:737} INFO - Searching for files in /opt/airflow/dags
[2026-02-15T18:54:34.031+0000] {manager.py:740} INFO - There are 0 files in /opt/airflow/dags
[2026-02-15T18:59:34.296+0000] {manager.py:737} INFO - Searching for files in /opt/airflow/dags
[2026-02-15T18:59:34.301+0000] {manager.py:740} INFO - There are 0 files in /opt/airflow/dags
[2026-02-15T19:04:34.600+0000] {manager.py:737} INFO - Searching for files in /opt/airflow/dags
[2026-02-15T19:04:34.614+0000] {manager.py:740} INFO - There are 0 files in /opt/airflow/dags
[2026-02-15T19:09:34.781+0000] {manager.py:737} INFO - Searching for files in /opt/airflow/dags
[2026-02-15T19:09:34.787+0000] {manager.py:740} INFO - There are 0 files in /opt/airflow/dags
[2026-02-15T19:14:34.974+0000] {manager.py:737} INFO - Searching for files in /opt/airflow/dags
[2026-02-15T19:14:34.981+0000] {manager.py:740} INFO - There are 0 files in /opt/airflow/dags
[2026-02-15T19:19:35.383+0000] {manager.py:737} INFO - Searching for files in /opt/airflow/dags
[2026-02-15T19:19:35.388+0000] {manager.py:740} INFO - There are 0 files in /opt/airflow/dags
[2026-02-15T19:24:36.319+0000] {manager.py:737} INFO - Searching for files in /opt/airflow/dags
[2026-02-15T19:24:36.325+0000] {manager.py:740} INFO - There are 0 files in /opt/airflow/dags
[2026-02-15T19:29:36.603+0000] {manager.py:737} INFO - Searching for files in /opt/airflow/dags
[2026-02-15T19:29:36.610+0000] {manager.py:740} INFO - There are 0 files in /opt/airflow/dags
[2026-02-15T19:34:36.853+0000] {manager.py:737} INFO - Searching for files in /opt/airflow/dags
[2026-02-15T19:34:36.859+0000] {manager.py:740} INFO - There are 0 files in /opt/airflow/dags
[2026-02-15T19:39:37.157+0000] {manager.py:737} INFO - Searching for files in /opt/airflow/dags
[2026-02-15T19:39:37.164+0000] {manager.py:740} INFO - There are 0 files in /opt/airflow/dags
[2026-02-15T19:44:37.366+0000] {manager.py:737} INFO - Searching for files in /opt/airflow/dags
[2026-02-15T19:44:37.372+0000] {manager.py:740} INFO - There are 0 files in /opt/airflow/dags
[2026-02-15T19:49:37.714+0000] {manager.py:737} INFO - Searching for files in /opt/airflow/dags
[2026-02-15T19:49:37.722+0000] {manager.py:740} INFO - There are 0 files in /opt/airflow/dags
[2026-02-15T19:54:38.613+0000] {manager.py:737} INFO - Searching for files in /opt/airflow/dags
[2026-02-15T19:54:38.619+0000] {manager.py:740} INFO - There are 0 files in /opt/airflow/dags
[2026-02-15T19:59:38.757+0000] {manager.py:737} INFO - Searching for files in /opt/airflow/dags
[2026-02-15T19:59:38.764+0000] {manager.py:740} INFO - There are 0 files in /opt/airflow/dags
[2026-02-15T20:04:39.726+0000] {manager.py:737} INFO - Searching for files in /opt/airflow/dags
[2026-02-15T20:04:39.732+0000] {manager.py:740} INFO - There are 0 files in /opt/airflow/dags
[2026-02-15T20:09:40.632+0000] {manager.py:737} INFO - Searching for files in /opt/airflow/dags
[2026-02-15T20:09:40.639+0000] {manager.py:740} INFO - There are 0 files in /opt/airflow/dags
[2026-02-15T20:14:41.402+0000] {manager.py:737} INFO - Searching for files in /opt/airflow/dags
[2026-02-15T20:14:41.410+0000] {manager.py:740} INFO - There are 0 files in /opt/airflow/dags
[2026-02-15T20:19:42.351+0000] {manager.py:737} INFO - Searching for files in /opt/airflow/dags
[2026-02-15T20:19:42.360+0000] {manager.py:740} INFO - There are 0 files in /opt/airflow/dags
[2026-02-15T20:24:43.116+0000] {manager.py:737} INFO - Searching for files in /opt/airflow/dags
[2026-02-15T20:24:43.123+0000] {manager.py:740} INFO - There are 0 files in /opt/airflow/dags
[2026-02-15T20:29:43.753+0000] {manager.py:737} INFO - Searching for files in /opt/airflow/dags
[2026-02-15T20:29:43.760+0000] {manager.py:740} INFO - There are 0 files in /opt/airflow/dags
[2026-02-15T20:34:44.612+0000] {manager.py:737} INFO - Searching for files in /opt/airflow/dags
[2026-02-15T20:34:44.621+0000] {manager.py:740} INFO - There are 0 files in /opt/airflow/dags
[2026-02-15T20:39:45.197+0000] {manager.py:737} INFO - Searching for files in /opt/airflow/dags
[2026-02-15T20:39:45.205+0000] {manager.py:740} INFO - There are 0 files in /opt/airflow/dags
[2026-02-15T20:44:46.108+0000] {manager.py:737} INFO - Searching for files in /opt/airflow/dags
[2026-02-15T20:44:46.115+0000] {manager.py:740} INFO - There are 0 files in /opt/airflow/dags
[2026-02-15T20:49:47.013+0000] {manager.py:737} INFO - Searching for files in /opt/airflow/dags
[2026-02-15T20:49:47.021+0000] {manager.py:740} INFO - There are 0 files in /opt/airflow/dags
[2026-02-15T20:54:47.027+0000] {manager.py:737} INFO - Searching for files in /opt/airflow/dags
[2026-02-15T20:54:47.039+0000] {manager.py:740} INFO - There are 0 files in /opt/airflow/dags
[2026-02-15T20:59:47.948+0000] {manager.py:737} INFO - Searching for files in /opt/airflow/dags
[2026-02-15T20:59:47.954+0000] {manager.py:740} INFO - There are 0 files in /opt/airflow/dags
[2026-02-15T21:04:48.845+0000] {manager.py:737} INFO - Searching for files in /opt/airflow/dags
[2026-02-15T21:04:48.855+0000] {manager.py:740} INFO - There are 0 files in /opt/airflow/dags
[2026-02-15T21:09:49.149+0000] {manager.py:737} INFO - Searching for files in /opt/airflow/dags
[2026-02-15T21:09:49.157+0000] {manager.py:740} INFO - There are 0 files in /opt/airflow/dags
[2026-02-15T21:14:49.294+0000] {manager.py:737} INFO - Searching for files in /opt/airflow/dags
[2026-02-15T21:14:49.301+0000] {manager.py:740} INFO - There are 0 files in /opt/airflow/dags
[2026-02-15T21:19:50.234+0000] {manager.py:737} INFO - Searching for files in /opt/airflow/dags
[2026-02-15T21:19:50.240+0000] {manager.py:740} INFO - There are 0 files in /opt/airflow/dags
[2026-02-15T21:24:51.180+0000] {manager.py:737} INFO - Searching for files in /opt/airflow/dags
[2026-02-15T21:24:51.186+0000] {manager.py:740} INFO - There are 0 files in /opt/airflow/dags
[2026-02-15T21:29:51.457+0000] {manager.py:737} INFO - Searching for files in /opt/airflow/dags
[2026-02-15T21:29:51.463+0000] {manager.py:740} INFO - There are 0 files in /opt/airflow/dags
[2026-02-15T21:34:51.748+0000] {manager.py:737} INFO - Searching for files in /opt/airflow/dags
[2026-02-15T21:34:51.759+0000] {manager.py:740} INFO - There are 0 files in /opt/airflow/dags
[2026-02-15T21:39:52.616+0000] {manager.py:737} INFO - Searching for files in /opt/airflow/dags
[2026-02-15T21:39:52.622+0000] {manager.py:740} INFO - There are 0 files in /opt/airflow/dags
[2026-02-15T21:44:52.617+0000] {manager.py:737} INFO - Searching for files in /opt/airflow/dags
[2026-02-15T21:44:52.624+0000] {manager.py:740} INFO - There are 0 files in /opt/airflow/dags
[2026-02-15T21:49:53.114+0000] {manager.py:737} INFO - Searching for files in /opt/airflow/dags
[2026-02-15T21:49:53.121+0000] {manager.py:740} INFO - There are 0 files in /opt/airflow/dags
[2026-02-15T21:54:53.929+0000] {manager.py:737} INFO - Searching for files in /opt/airflow/dags
[2026-02-15T21:54:53.935+0000] {manager.py:740} INFO - There are 0 files in /opt/airflow/dags
[2026-02-15T21:59:54.524+0000] {manager.py:737} INFO - Searching for files in /opt/airflow/dags
[2026-02-15T21:59:54.531+0000] {manager.py:740} INFO - There are 0 files in /opt/airflow/dags
[2026-02-15T22:04:55.112+0000] {manager.py:737} INFO - Searching for files in /opt/airflow/dags
[2026-02-15T22:04:55.119+0000] {manager.py:740} INFO - There are 0 files in /opt/airflow/dags
[2026-02-15T22:09:55.447+0000] {manager.py:737} INFO - Searching for files in /opt/airflow/dags
[2026-02-15T22:09:55.455+0000] {manager.py:740} INFO - There are 0 files in /opt/airflow/dags
[2026-02-15T22:14:56.213+0000] {manager.py:737} INFO - Searching for files in /opt/airflow/dags
[2026-02-15T22:14:56.220+0000] {manager.py:740} INFO - There are 0 files in /opt/airflow/dags
[2026-02-15T22:19:56.901+0000] {manager.py:737} INFO - Searching for files in /opt/airflow/dags
[2026-02-15T22:19:56.909+0000] {manager.py:740} INFO - There are 0 files in /opt/airflow/dags
[2026-02-15T22:24:57.716+0000] {manager.py:737} INFO - Searching for files in /opt/airflow/dags
[2026-02-15T22:24:57.725+0000] {manager.py:740} INFO - There are 0 files in /opt/airflow/dags
[2026-02-15T22:29:58.151+0000] {manager.py:737} INFO - Searching for files in /opt/airflow/dags
[2026-02-15T22:29:58.158+0000] {manager.py:740} INFO - There are 0 files in /opt/airflow/dags
[2026-02-15T22:34:58.522+0000] {manager.py:737} INFO - Searching for files in /opt/airflow/dags
[2026-02-15T22:34:58.529+0000] {manager.py:740} INFO - There are 0 files in /opt/airflow/dags
[2026-02-15T22:39:59.065+0000] {manager.py:737} INFO - Searching for files in /opt/airflow/dags
[2026-02-15T22:39:59.071+0000] {manager.py:740} INFO - There are 0 files in /opt/airflow/dags
[2026-02-15T22:44:59.243+0000] {manager.py:737} INFO - Searching for files in /opt/airflow/dags
[2026-02-15T22:44:59.250+0000] {manager.py:740} INFO - There are 0 files in /opt/airflow/dags
[2026-02-15T22:49:59.330+0000] {manager.py:737} INFO - Searching for files in /opt/airflow/dags
[2026-02-15T22:49:59.339+0000] {manager.py:740} INFO - There are 0 files in /opt/airflow/dags
[2026-02-15T22:54:59.507+0000] {manager.py:737} INFO - Searching for files in /opt/airflow/dags
[2026-02-15T22:54:59.514+0000] {manager.py:740} INFO - There are 0 files in /opt/airflow/dags
[2026-02-15T22:59:59.600+0000] {manager.py:737} INFO - Searching for files in /opt/airflow/dags
[2026-02-15T22:59:59.607+0000] {manager.py:740} INFO - There are 0 files in /opt/airflow/dags
[2026-02-15T23:05:00.587+0000] {manager.py:737} INFO - Searching for files in /opt/airflow/dags
[2026-02-15T23:05:00.595+0000] {manager.py:740} INFO - There are 0 files in /opt/airflow/dags
[2026-02-15T23:10:00.771+0000] {manager.py:737} INFO - Searching for files in /opt/airflow/dags
[2026-02-15T23:10:00.778+0000] {manager.py:740} INFO - There are 0 files in /opt/airflow/dags
[2026-02-15T23:15:01.125+0000] {manager.py:737} INFO - Searching for files in /opt/airflow/dags
[2026-02-15T23:15:01.131+0000] {manager.py:740} INFO - There are 0 files in /opt/airflow/dags
[2026-02-15T23:20:01.890+0000] {manager.py:737} INFO - Searching for files in /opt/airflow/dags
[2026-02-15T23:20:01.895+0000] {manager.py:740} INFO - There are 0 files in /opt/airflow/dags
[2026-02-15T23:25:02.756+0000] {manager.py:737} INFO - Searching for files in /opt/airflow/dags
[2026-02-15T23:25:02.762+0000] {manager.py:740} INFO - There are 0 files in /opt/airflow/dags
[2026-02-15T23:30:03.539+0000] {manager.py:737} INFO - Searching for files in /opt/airflow/dags
[2026-02-15T23:30:03.547+0000] {manager.py:740} INFO - There are 0 files in /opt/airflow/dags
[2026-02-15T23:35:04.451+0000] {manager.py:737} INFO - Searching for files in /opt/airflow/dags
[2026-02-15T23:35:04.457+0000] {manager.py:740} INFO - There are 0 files in /opt/airflow/dags
[2026-02-15T23:40:05.133+0000] {manager.py:737} INFO - Searching for files in /opt/airflow/dags
[2026-02-15T23:40:05.139+0000] {manager.py:740} INFO - There are 0 files in /opt/airflow/dags
[2026-02-15T23:45:05.886+0000] {manager.py:737} INFO - Searching for files in /opt/airflow/dags
[2026-02-15T23:45:05.894+0000] {manager.py:740} INFO - There are 0 files in /opt/airflow/dags
[2026-02-15T23:50:06.633+0000] {manager.py:737} INFO - Searching for files in /opt/airflow/dags
[2026-02-15T23:50:06.642+0000] {manager.py:740} INFO - There are 0 files in /opt/airflow/dags
[2026-02-15T23:55:06.890+0000] {manager.py:737} INFO - Searching for files in /opt/airflow/dags
[2026-02-15T23:55:06.897+0000] {manager.py:740} INFO - There are 0 files in /opt/airflow/dags
[2026-02-16T00:00:07.498+0000] {manager.py:737} INFO - Searching for files in /opt/airflow/dags
[2026-02-16T00:00:07.541+0000] {manager.py:740} INFO - There are 0 files in /opt/airflow/dags
[2026-02-16T00:05:08.386+0000] {manager.py:737} INFO - Searching for files in /opt/airflow/dags
[2026-02-16T00:05:08.409+0000] {manager.py:740} INFO - There are 0 files in /opt/airflow/dags
[2026-02-16T00:10:09.008+0000] {manager.py:737} INFO - Searching for files in /opt/airflow/dags
[2026-02-16T00:10:09.020+0000] {manager.py:740} INFO - There are 0 files in /opt/airflow/dags
[2026-02-16T00:15:09.990+0000] {manager.py:737} INFO - Searching for files in /opt/airflow/dags
[2026-02-16T00:15:09.999+0000] {manager.py:740} INFO - There are 0 files in /opt/airflow/dags
[2026-02-16T00:20:10.545+0000] {manager.py:737} INFO - Searching for files in /opt/airflow/dags
[2026-02-16T00:20:10.552+0000] {manager.py:740} INFO - There are 0 files in /opt/airflow/dags
[2026-02-16T00:25:10.697+0000] {manager.py:737} INFO - Searching for files in /opt/airflow/dags
[2026-02-16T00:25:10.703+0000] {manager.py:740} INFO - There are 0 files in /opt/airflow/dags
[2026-02-16T00:30:10.796+0000] {manager.py:737} INFO - Searching for files in /opt/airflow/dags
[2026-02-16T00:30:10.804+0000] {manager.py:740} INFO - There are 0 files in /opt/airflow/dags
[2026-02-16T00:35:10.999+0000] {manager.py:737} INFO - Searching for files in /opt/airflow/dags
[2026-02-16T00:35:11.006+0000] {manager.py:740} INFO - There are 0 files in /opt/airflow/dags
[2026-02-16T00:40:11.126+0000] {manager.py:737} INFO - Searching for files in /opt/airflow/dags
[2026-02-16T00:40:11.133+0000] {manager.py:740} INFO - There are 0 files in /opt/airflow/dags
[2026-02-16T00:45:11.943+0000] {manager.py:737} INFO - Searching for files in /opt/airflow/dags
[2026-02-16T00:45:11.952+0000] {manager.py:740} INFO - There are 0 files in /opt/airflow/dags
[2026-02-16T00:50:12.797+0000] {manager.py:737} INFO - Searching for files in /opt/airflow/dags
[2026-02-16T00:50:12.829+0000] {manager.py:740} INFO - There are 0 files in /opt/airflow/dags
[2026-02-16T00:55:13.252+0000] {manager.py:737} INFO - Searching for files in /opt/airflow/dags
[2026-02-16T00:55:13.269+0000] {manager.py:740} INFO - There are 0 files in /opt/airflow/dags
[2026-02-16T01:00:13.539+0000] {manager.py:737} INFO - Searching for files in /opt/airflow/dags
[2026-02-16T01:00:13.549+0000] {manager.py:740} INFO - There are 0 files in /opt/airflow/dags
[2026-02-16T01:05:13.976+0000] {manager.py:737} INFO - Searching for files in /opt/airflow/dags
[2026-02-16T01:05:13.986+0000] {manager.py:740} INFO - There are 0 files in /opt/airflow/dags
[2026-02-16T01:05:31.079+0000] {manager.py:452} INFO - Exiting gracefully upon receiving signal 15
[2026-02-16T01:06:18.444+0000] {manager.py:470} INFO - Processing files using up to 2 processes at a time 
[2026-02-16T01:06:18.447+0000] {manager.py:471} INFO - Process each file at most once every 30 seconds
[2026-02-16T01:06:18.450+0000] {manager.py:472} INFO - Checking for new files in /opt/airflow/dags every 300 seconds
[2026-02-16T01:06:18.453+0000] {manager.py:737} INFO - Searching for files in /opt/airflow/dags
[2026-02-16T01:06:18.463+0000] {manager.py:740} INFO - There are 0 files in /opt/airflow/dags
[2026-02-16T01:11:18.609+0000] {manager.py:737} INFO - Searching for files in /opt/airflow/dags
[2026-02-16T01:11:18.639+0000] {manager.py:740} INFO - There are 0 files in /opt/airflow/dags
[2026-02-16T01:15:29.928+0000] {manager.py:452} INFO - Exiting gracefully upon receiving signal 15
[2026-02-16T01:16:13.410+0000] {manager.py:470} INFO - Processing files using up to 2 processes at a time 
[2026-02-16T01:16:13.412+0000] {manager.py:471} INFO - Process each file at most once every 30 seconds
[2026-02-16T01:16:13.413+0000] {manager.py:472} INFO - Checking for new files in /opt/airflow/dags every 300 seconds
[2026-02-16T01:16:13.416+0000] {manager.py:737} INFO - Searching for files in /opt/airflow/dags
[2026-02-16T01:16:13.425+0000] {manager.py:740} INFO - There are 0 files in /opt/airflow/dags
[2026-02-16T01:21:14.195+0000] {manager.py:737} INFO - Searching for files in /opt/airflow/dags
[2026-02-16T01:21:14.218+0000] {manager.py:740} INFO - There are 0 files in /opt/airflow/dags
[2026-02-16T01:24:08.216+0000] {manager.py:452} INFO - Exiting gracefully upon receiving signal 15
[2026-02-16T01:25:52.584+0000] {manager.py:470} INFO - Processing files using up to 2 processes at a time 
[2026-02-16T01:25:52.586+0000] {manager.py:471} INFO - Process each file at most once every 30 seconds
[2026-02-16T01:25:52.589+0000] {manager.py:472} INFO - Checking for new files in /opt/airflow/dags every 300 seconds
[2026-02-16T01:25:52.590+0000] {manager.py:737} INFO - Searching for files in /opt/airflow/dags
[2026-02-16T01:25:52.598+0000] {manager.py:740} INFO - There are 0 files in /opt/airflow/dags
[2026-02-16T01:30:52.692+0000] {manager.py:737} INFO - Searching for files in /opt/airflow/dags
[2026-02-16T01:30:52.726+0000] {manager.py:740} INFO - There are 0 files in /opt/airflow/dags
[2026-02-16T01:31:00.919+0000] {manager.py:452} INFO - Exiting gracefully upon receiving signal 15
[2026-02-16T01:31:44.164+0000] {manager.py:470} INFO - Processing files using up to 2 processes at a time 
[2026-02-16T01:31:44.167+0000] {manager.py:471} INFO - Process each file at most once every 30 seconds
[2026-02-16T01:31:44.169+0000] {manager.py:472} INFO - Checking for new files in /opt/airflow/dags every 300 seconds
[2026-02-16T01:31:44.172+0000] {manager.py:737} INFO - Searching for files in /opt/airflow/dags
[2026-02-16T01:31:44.180+0000] {manager.py:740} INFO - There are 0 files in /opt/airflow/dags
[2026-02-16T01:35:42.878+0000] {manager.py:452} INFO - Exiting gracefully upon receiving signal 15
[2026-02-16T01:37:01.932+0000] {manager.py:470} INFO - Processing files using up to 2 processes at a time 
[2026-02-16T01:37:01.934+0000] {manager.py:471} INFO - Process each file at most once every 30 seconds
[2026-02-16T01:37:01.936+0000] {manager.py:472} INFO - Checking for new files in /opt/airflow/dags every 300 seconds
[2026-02-16T01:37:01.937+0000] {manager.py:737} INFO - Searching for files in /opt/airflow/dags
[2026-02-16T01:37:01.947+0000] {manager.py:740} INFO - There are 0 files in /opt/airflow/dags
[2026-02-16T01:42:02.653+0000] {manager.py:737} INFO - Searching for files in /opt/airflow/dags
[2026-02-16T01:42:02.680+0000] {manager.py:740} INFO - There are 0 files in /opt/airflow/dags
[2026-02-16T01:47:02.736+0000] {manager.py:737} INFO - Searching for files in /opt/airflow/dags
[2026-02-16T01:47:02.750+0000] {manager.py:740} INFO - There are 0 files in /opt/airflow/dags
[2026-02-16T01:48:23.984+0000] {manager.py:452} INFO - Exiting gracefully upon receiving signal 15
[2026-02-16T01:49:22.632+0000] {manager.py:470} INFO - Processing files using up to 2 processes at a time 
[2026-02-16T01:49:22.635+0000] {manager.py:471} INFO - Process each file at most once every 30 seconds
[2026-02-16T01:49:22.637+0000] {manager.py:472} INFO - Checking for new files in /opt/airflow/dags every 300 seconds
[2026-02-16T01:49:22.641+0000] {manager.py:737} INFO - Searching for files in /opt/airflow/dags
[2026-02-16T01:49:22.654+0000] {manager.py:740} INFO - There are 0 files in /opt/airflow/dags
[2026-02-16T01:54:22.823+0000] {manager.py:737} INFO - Searching for files in /opt/airflow/dags
[2026-02-16T01:54:22.870+0000] {manager.py:740} INFO - There are 0 files in /opt/airflow/dags
[2026-02-16T01:58:14.881+0000] {manager.py:452} INFO - Exiting gracefully upon receiving signal 15
[2026-02-16T01:59:54.195+0000] {manager.py:470} INFO - Processing files using up to 2 processes at a time 
[2026-02-16T01:59:54.198+0000] {manager.py:471} INFO - Process each file at most once every 30 seconds
[2026-02-16T01:59:54.200+0000] {manager.py:472} INFO - Checking for new files in /opt/airflow/dags every 300 seconds
[2026-02-16T01:59:54.203+0000] {manager.py:737} INFO - Searching for files in /opt/airflow/dags
[2026-02-16T01:59:54.211+0000] {manager.py:740} INFO - There are 0 files in /opt/airflow/dags
[2026-02-16T02:06:02.894+0000] {manager.py:470} INFO - Processing files using up to 2 processes at a time 
[2026-02-16T02:06:02.896+0000] {manager.py:471} INFO - Process each file at most once every 30 seconds
[2026-02-16T02:06:02.898+0000] {manager.py:472} INFO - Checking for new files in /opt/airflow/dags every 300 seconds
[2026-02-16T02:06:02.900+0000] {manager.py:737} INFO - Searching for files in /opt/airflow/dags
[2026-02-16T02:06:02.908+0000] {manager.py:740} INFO - There are 0 files in /opt/airflow/dags
[2026-02-16T02:11:03.586+0000] {manager.py:737} INFO - Searching for files in /opt/airflow/dags
[2026-02-16T02:11:03.613+0000] {manager.py:740} INFO - There are 0 files in /opt/airflow/dags
[2026-02-16T02:16:03.965+0000] {manager.py:737} INFO - Searching for files in /opt/airflow/dags
[2026-02-16T02:16:03.976+0000] {manager.py:740} INFO - There are 0 files in /opt/airflow/dags
